<?xml version="1.0" encoding="UTF-8"?>
<testng-results ignored="0" total="1" passed="1" failed="0" skipped="0">
  <reporter-output>
  </reporter-output>
  <suite started-at="2024-12-28T13:32:09 IST" name="Suite" finished-at="2024-12-28T13:33:26 IST" duration-ms="77964">
    <groups>
    </groups>
    <test started-at="2024-12-28T13:32:09 IST" name="Test" finished-at="2024-12-28T13:33:26 IST" duration-ms="77964">
      <class name="com.practice.testcases.LoginTest">
        <test-method is-config="true" signature="invokeDriver()[pri:0, instance:com.practice.testcases.LoginTest@5562c41e]" started-at="2024-12-28T13:32:09 IST" name="invokeDriver" finished-at="2024-12-28T13:33:04 IST" duration-ms="55376" status="PASS">
          <reporter-output>
          </reporter-output>
        </test-method> <!-- invokeDriver -->
        <test-method signature="loginTest()[pri:0, instance:com.practice.testcases.LoginTest@5562c41e]" started-at="2024-12-28T13:33:04 IST" name="loginTest" finished-at="2024-12-28T13:33:26 IST" duration-ms="22349" status="PASS">
          <reporter-output>
          </reporter-output>
        </test-method> <!-- loginTest -->
      </class> <!-- com.practice.testcases.LoginTest -->
    </test> <!-- Test -->
  </suite> <!-- Suite -->
</testng-results>
