<?xml version="1.0" encoding="UTF-8"?>
<testng-results ignored="0" total="1" passed="1" failed="0" skipped="0">
  <reporter-output>
  </reporter-output>
  <suite started-at="2024-12-25T14:09:04 IST" name="Default suite" finished-at="2024-12-25T14:09:31 IST" duration-ms="26564">
    <groups>
    </groups>
    <test started-at="2024-12-25T14:09:04 IST" name="Default test" finished-at="2024-12-25T14:09:31 IST" duration-ms="26564">
      <class name="com.practice.testcases.LoginTest">
        <test-method is-config="true" signature="invokeDriver()[pri:0, instance:com.practice.testcases.LoginTest@7c711375]" started-at="2024-12-25T14:09:04 IST" name="invokeDriver" finished-at="2024-12-25T14:09:21 IST" duration-ms="16284" status="PASS">
          <reporter-output>
          </reporter-output>
        </test-method> <!-- invokeDriver -->
        <test-method signature="loginTest()[pri:0, instance:com.practice.testcases.LoginTest@7c711375]" started-at="2024-12-25T14:09:21 IST" name="loginTest" finished-at="2024-12-25T14:09:31 IST" duration-ms="9730" status="PASS">
          <reporter-output>
          </reporter-output>
        </test-method> <!-- loginTest -->
      </class> <!-- com.practice.testcases.LoginTest -->
    </test> <!-- Default test -->
  </suite> <!-- Default suite -->
</testng-results>
